1                                                     The SAS System                        11:17 Monday, January 21, 2019

NOTE: Copyright (c) 2002-2012 by SAS Institute Inc., Cary, NC, USA. 
NOTE: SAS (r) Proprietary Software 9.4 (TS1M2 MBCS3170) 
      Licensed to NATIONAL PINGTUNG UNI OF SCIENCE&TECH, Site 12001462.
NOTE: This session is executing on the X64_8HOME  platform.



NOTE: Updated analytical products:
      
      SAS/STAT 13.2
      SAS/ETS 13.2
      SAS/OR 13.2
      SAS/IML 13.2
      SAS/QC 13.2

NOTE: Additional host information:

 X64_8HOME WIN 6.2.9200  Workstation

NOTE: SAS initialization used:
      real time           0.28 seconds
      cpu time            0.18 seconds
      
1          x 'chdir "C:\Apache\htdocs\casper2\home\Users\guest\20160407"'
1        !                                                               ;
2          
3          %macro nested;
4          
5              %let a=b;
6              %let b=c;
7              %let c=d;
8          
9              data temp;
10         
11                 layer = 1;
12                 temp="&a";
13                 output;
14         
15                 layer = 2;
16                 temp="&&a";
17                 output;
18         
19                 layer = 3;
20                 temp="&&&a";
21                 output;
22         
23                 layer = 4;
24                 temp="&&&&a";
25                 output;
26         
27                 layer = 5;
28                 temp="&&&&&a";
29                 output;
30         
31                 layer = 6;
32                 temp="&&&&&&a";
33                 output;
34         
35                 layer = 7;
36                 temp="&&&&&&&a";
37                 output;
38         
39                 layer = 8;
40                 temp="&&&&&&&&a";
41                 output;
42             run;
2                                                     The SAS System                        11:17 Monday, January 21, 2019

43         
44             proc print; run;
45         
46         %mend;
47         
48         %nested

NOTE: The data set WORK.TEMP has 8 observations and 2 variables.
NOTE: DATA statement used (Total process time):
      real time           0.01 seconds
      cpu time            0.01 seconds
      


NOTE: There were 8 observations read from the data set WORK.TEMP.
NOTE: The PROCEDURE PRINT printed page 1.
NOTE: PROCEDURE PRINT used (Total process time):
      real time           0.01 seconds
      cpu time            0.01 seconds
      

49         

NOTE: SAS Institute Inc., SAS Campus Drive, Cary, NC USA 27513-2414
NOTE: The SAS System used:
      real time           0.42 seconds
      cpu time            0.23 seconds
      
