1                                                     The SAS System                         19:36 Saturday, June 27, 2020

NOTE: Copyright (c) 2002-2012 by SAS Institute Inc., Cary, NC, USA. 
NOTE: SAS (r) Proprietary Software 9.4 (TS1M2 MBCS3170) 
      Licensed to MICHIGAN STATE UNIVERSITY-T&R-SFA, Site 70082953.
NOTE: This session is executing on the X64_8HOME  platform.



NOTE: Updated analytical products:
      
      SAS/STAT 13.2
      SAS/ETS 13.2
      SAS/OR 13.2
      SAS/IML 13.2
      SAS/QC 13.2

NOTE: Additional host information:

 X64_8HOME WIN 6.2.9200  Workstation

NOTE: SAS initialization used:
      real time           0.31 seconds
      cpu time            0.18 seconds
      
1          x 'chdir "C:\Apache\htdocs\casper2\Main\Library\SAS\get_prog_name"'
1        !                                                                    ;
2          
3          /******************************************************************************/
4          /* PROD PROGRAM:   get_prog_name.sas
5          /* WORK PROGRAM:   get_prog_name.sas
6          /*
7          /* PURPOSE:       macro that obtains the short name, without `.sas`
8                            of the current SAS program
9          /*
10         /* SOURCE PRGM:    NONE
11         /* INPUT:          NONE
12         /* OUTPUT:         NONE
13         /* MACROS USED:    NONE
14         /* EXEMPTIONS:     NONE
15         /*
16         /* AUTHOR:         Paul Paczuski
17         /* CREATION DATE:  06/02/15
18         /*
19         /* DETAILS:
20         /*
21         /* PRGM STRUCTURE:
22         /*
23         /* NOTES:
24         /* MODIFICATIONS:
25         /******************************************************************************/
26         
27         
28         %MACRO get_prog_name(test=0);
29             %if &TEST = 1 %then %do;
30                 %global prog_long prog_sas prog ;
31                %end;
32         
33         
34             /* works only in batch mode  */
35         
36         
37             /* &PROG's are local macro vars */
38             /* first, get the long name including location */
39             /* then, delete location by scanning from end */
40             /* last, delete .sas*/
41             /* and return value */
42             %let prog_long = %sysfunc(getoption(sysin)) ;
2                                                     The SAS System                         19:36 Saturday, June 27, 2020

43             %let prog_sas  = %scan(&PROG_LONG, -1, '\') ;
44             %let prog      = %scan(&PROG_SAS, 1, '.') ;
45             &PROG;
46         
47         %MEND ;

NOTE: SAS Institute Inc., SAS Campus Drive, Cary, NC USA 27513-2414
NOTE: The SAS System used:
      real time           0.43 seconds
      cpu time            0.20 seconds
      
