1                                                     The SAS System                         04:57 Tuesday, April 13, 2021

NOTE: Copyright (c) 2002-2012 by SAS Institute Inc., Cary, NC, USA. 
NOTE: SAS (r) Proprietary Software 9.4 (TS1M2 MBCS3170) 
      Licensed to CNAM LICENCE CAMPUS, Site 70159246.
NOTE: This session is executing on the X64_8HOME  platform.



NOTE: Updated analytical products:
      
      SAS/STAT 13.2
      SAS/ETS 13.2
      SAS/OR 13.2
      SAS/IML 13.2
      SAS/QC 13.2

NOTE: Additional host information:

 X64_8HOME WIN 6.2.9200  Workstation

NOTE: SAS initialization used:
      real time           0.33 seconds
      cpu time            0.18 seconds
      
1          x 'chdir "C:\Apache\htdocs\casper2\Main\Users\guest\SAS"'
1        !                                                          ;
2          
3          libname mylib '.';
NOTE: Libref MYLIB was successfully assigned as follows: 
      Engine:        V9 
      Physical Name: C:\Apache\htdocs\casper2\Main\Users\guest\SAS
4          
5          data mylib.admit;
6             set sasuser.admit;
7             if ActLevel="HIGH";
8          run;

NOTE: There were 21 observations read from the data set SASUSER.ADMIT.
NOTE: The data set MYLIB.ADMIT has 7 observations and 9 variables.
NOTE: DATA statement used (Total process time):
      real time           0.03 seconds
      cpu time            0.01 seconds
      

9          
10         proc print data=mylib.admit;
11         run;

NOTE: There were 7 observations read from the data set MYLIB.ADMIT.
NOTE: The PROCEDURE PRINT printed page 1.
NOTE: PROCEDURE PRINT used (Total process time):
      real time           0.01 seconds
      cpu time            0.01 seconds
      

NOTE: SAS Institute Inc., SAS Campus Drive, Cary, NC USA 27513-2414
NOTE: The SAS System used:
      real time           0.44 seconds
      cpu time            0.26 seconds
      
