1                                                     The SAS System                         19:33 Saturday, June 27, 2020

NOTE: Copyright (c) 2002-2012 by SAS Institute Inc., Cary, NC, USA. 
NOTE: SAS (r) Proprietary Software 9.4 (TS1M2 MBCS3170) 
      Licensed to MICHIGAN STATE UNIVERSITY-T&R-SFA, Site 70082953.
NOTE: This session is executing on the X64_8HOME  platform.



NOTE: Updated analytical products:
      
      SAS/STAT 13.2
      SAS/ETS 13.2
      SAS/OR 13.2
      SAS/IML 13.2
      SAS/QC 13.2

NOTE: Additional host information:

 X64_8HOME WIN 6.2.9200  Workstation

NOTE: SAS initialization used:
      real time           2.55 seconds
      cpu time            0.15 seconds
      
1          x 'chdir "C:\Apache\htdocs\casper2\Main\Users\guest\SAS"'
1        !                                                          ;
2          
3          /*
4              Do not run this script directly, as it requires
5              a macro variable parm1. Run c4_3_input.par instead.
6          */
7          
8          %let age = &parm1;
9          
10         proc print data=sasuser.admit;
11            var age height weight fee;
12            where age > &age;
13         run;

NOTE: There were 10 observations read from the data set SASUSER.ADMIT.
      WHERE age>35;
NOTE: The PROCEDURE PRINT printed page 1.
NOTE: PROCEDURE PRINT used (Total process time):
      real time           0.73 seconds
      cpu time            0.03 seconds
      

NOTE: SAS Institute Inc., SAS Campus Drive, Cary, NC USA 27513-2414
NOTE: The SAS System used:
      real time           3.61 seconds
      cpu time            0.20 seconds
      
