1                                                     The SAS System                        05:26 Saturday, March 21, 2020

NOTE: Copyright (c) 2002-2012 by SAS Institute Inc., Cary, NC, USA. 
NOTE: SAS (r) Proprietary Software 9.4 (TS1M2 MBCS3170) 
      Licensed to NATIONAL PINGTUNG UNI OF SCIENCE&TECH, Site 12001462.
NOTE: This session is executing on the X64_8HOME  platform.



NOTE: Updated analytical products:
      
      SAS/STAT 13.2
      SAS/ETS 13.2
      SAS/OR 13.2
      SAS/IML 13.2
      SAS/QC 13.2

NOTE: Additional host information:

 X64_8HOME WIN 6.2.9200  Workstation

NOTE: SAS initialization used:
      real time           1.35 seconds
      cpu time            0.17 seconds
      
1          x 'chdir "C:\Apache\htdocs\casper2\Main\Users\guest\SAS"'
1        !                                                          ;
2          
3          data _null_;
4             set sasuser.stress2;
5             file 'c5_4.txt';
6             put id 1-4 name 6-25 resthr 27-28 maxhr 30-32
7                 rechr 34-36 timemin 38-39 timesec 41-42
8                 tolerance 44;
9          run;

NOTE: The file 'c5_4.txt' is:
      Filename=C:\Apache\htdocs\casper2\Main\Users\guest\SAS\c5_4.txt,
      RECFM=V,LRECL=32767,File Size (bytes)=0,
      Last Modified=21Mar2020:05:26:27,
      Create Time=04Feb2019:10:02:54

NOTE: 21 records were written to the file 'c5_4.txt'.
      The minimum record length was 44.
      The maximum record length was 44.
NOTE: There were 21 observations read from the data set SASUSER.STRESS2.
NOTE: DATA statement used (Total process time):
      real time           0.26 seconds
      cpu time            0.01 seconds
      

10         
11         data mystress2;
12            infile 'c5_4.txt';
13            input id 1-4 name $6-25 resthr 27-28 maxhr 30-32
14                rechr 34-36 timemin 38-39 timesec 41-42
15                tolerance $44;
16         run;

NOTE: The infile 'c5_4.txt' is:
      Filename=C:\Apache\htdocs\casper2\Main\Users\guest\SAS\c5_4.txt,
      RECFM=V,LRECL=32767,File Size (bytes)=966,
      Last Modified=21Mar2020:05:26:27,
      Create Time=04Feb2019:10:02:54

NOTE: 21 records were read from the infile 'c5_4.txt'.
      The minimum record length was 44.
      The maximum record length was 44.
2                                                     The SAS System                        05:26 Saturday, March 21, 2020

NOTE: The data set WORK.MYSTRESS2 has 21 observations and 8 variables.
NOTE: DATA statement used (Total process time):
      real time           0.01 seconds
      cpu time            0.01 seconds
      

17         
18         proc contents data=mystress2;
19         run;

NOTE: PROCEDURE CONTENTS used (Total process time):
      real time           0.31 seconds
      cpu time            0.03 seconds
      
NOTE: The PROCEDURE CONTENTS printed page 1.

20         
21         proc print data=mystress2;
22         run;

NOTE: There were 21 observations read from the data set WORK.MYSTRESS2.
NOTE: The PROCEDURE PRINT printed page 2.
NOTE: PROCEDURE PRINT used (Total process time):
      real time           0.01 seconds
      cpu time            0.00 seconds
      

NOTE: SAS Institute Inc., SAS Campus Drive, Cary, NC USA 27513-2414
NOTE: The SAS System used:
      real time           2.21 seconds
      cpu time            0.24 seconds
      
