1                                                     The SAS System                           19:49 Tuesday, May 19, 2020

NOTE: Copyright (c) 2002-2012 by SAS Institute Inc., Cary, NC, USA. 
NOTE: SAS (r) Proprietary Software 9.4 (TS1M2 MBCS3170) 
      Licensed to MICHIGAN STATE UNIVERSITY-T&R-SFA, Site 70082953.
NOTE: This session is executing on the X64_8HOME  platform.



NOTE: Updated analytical products:
      
      SAS/STAT 13.2
      SAS/ETS 13.2
      SAS/OR 13.2
      SAS/IML 13.2
      SAS/QC 13.2

NOTE: Additional host information:

 X64_8HOME WIN 6.2.9200  Workstation

NOTE: SAS initialization used:
      real time           0.35 seconds
      cpu time            0.15 seconds
      
1          x 'chdir "C:\Apache\htdocs\casper2\Main\Library\SAS\nobs"'
1        !                                                           ;
2          
3          %include "&basedir\Main\Library\SAS\nobs\nobs.sas";
10         
11         data first;
12             INPUT x y z $;
13             cards;

NOTE: The data set WORK.FIRST has 3 observations and 3 variables.
NOTE: DATA statement used (Total process time):
      real time           0.01 seconds
      cpu time            0.01 seconds
      

17         ;
18         run;
19         
20         title3 "nobs = %nobs(dsn=first)";
21         
22         proc print data=first; run;

NOTE: There were 3 observations read from the data set WORK.FIRST.
NOTE: The PROCEDURE PRINT printed page 1.
NOTE: PROCEDURE PRINT used (Total process time):
      real time           0.03 seconds
      cpu time            0.03 seconds
      


NOTE: SAS Institute Inc., SAS Campus Drive, Cary, NC USA 27513-2414
NOTE: The SAS System used:
      real time           0.65 seconds
      cpu time            0.23 seconds
      
