1                                                     The SAS System                        17:44 Tuesday, August 13, 2019

NOTE: Copyright (c) 2002-2012 by SAS Institute Inc., Cary, NC, USA. 
NOTE: SAS (r) Proprietary Software 9.4 (TS1M2 MBCS3170) 
      Licensed to UNIVERSITY OF MANCHESTER, Site 70188848.
NOTE: This session is executing on the X64_8HOME  platform.



NOTE: Updated analytical products:
      
      SAS/STAT 13.2
      SAS/ETS 13.2
      SAS/OR 13.2
      SAS/IML 13.2
      SAS/QC 13.2

NOTE: Additional host information:

 X64_8HOME WIN 6.2.9200  Workstation

NOTE: SAS initialization used:
      real time           0.39 seconds
      cpu time            0.15 seconds
      
1          x 'chdir "C:\Apache\htdocs\casper2\Main\Library\SAS\getvarlist"'
1        !                                                                 ;
2          
3          %include "&basedir\Main\Library\SAS\getvarlist\getvarlist.sas";
85         
86         data first;
87             INPUT x y z $;
88             cards;

NOTE: The data set WORK.FIRST has 3 observations and 3 variables.
NOTE: DATA statement used (Total process time):
      real time           0.00 seconds
      cpu time            0.00 seconds
      

92         ;
93         run;
94         
95         %GetVarList(work.first,Num,varlistn);

NOTE: The data set WORK._MMVARS has 3 observations and 8 variables.
NOTE: PROCEDURE CONTENTS used (Total process time):
      real time           0.10 seconds
      cpu time            0.03 seconds
      


NOTE: Numeric values have been converted to character values at the places given by: (Line):(Column).
      95:124   95:182   
NOTE: There were 3 observations read from the data set WORK._MMVARS.
NOTE: The data set WORK._MMAKVARS has 3 observations and 9 variables.
NOTE: DATA statement used (Total process time):
      real time           0.17 seconds
      cpu time            0.03 seconds
      


NOTE: Deleting WORK._MMVARS (memtype=DATA).
NOTE: Deleting WORK._MMAKVARS (memtype=DATA).
96         
97         %GetVarList(work.first,Char,varlistc);
NOTE: PROCEDURE DATASETS used (Total process time):
      real time           0.18 seconds
2                                                     The SAS System                        17:44 Tuesday, August 13, 2019

      cpu time            0.01 seconds
      


NOTE: The data set WORK._MMVARS has 3 observations and 8 variables.
NOTE: PROCEDURE CONTENTS used (Total process time):
      real time           0.01 seconds
      cpu time            0.00 seconds
      


NOTE: Numeric values have been converted to character values at the places given by: (Line):(Column).
      97:124   97:182   
NOTE: There were 3 observations read from the data set WORK._MMVARS.
NOTE: The data set WORK._MMAKVARS has 3 observations and 9 variables.
NOTE: DATA statement used (Total process time):
      real time           0.01 seconds
      cpu time            0.00 seconds
      


NOTE: Deleting WORK._MMVARS (memtype=DATA).
NOTE: Deleting WORK._MMAKVARS (memtype=DATA).
98         
99         title3 "numeric vars: &varlistn";
100        
101        title4 "character vars: &varlistc";
102        

NOTE: PROCEDURE DATASETS used (Total process time):
      real time           0.00 seconds
      cpu time            0.00 seconds
      

103        proc print data=first;
104        run;

NOTE: There were 3 observations read from the data set WORK.FIRST.
NOTE: The PROCEDURE PRINT printed page 1.
NOTE: PROCEDURE PRINT used (Total process time):
      real time           0.01 seconds
      cpu time            0.00 seconds
      

NOTE: SAS Institute Inc., SAS Campus Drive, Cary, NC USA 27513-2414
NOTE: The SAS System used:
      real time           1.62 seconds
      cpu time            0.29 seconds
      
